0 info it worked if it ends with ok
1 verbose cli [ '/usr/local/Cellar/node/0.10.21/bin/node',
1 verbose cli   '/usr/local/bin/npm',
1 verbose cli   'install' ]
2 info using npm@1.3.11
3 info using node@v0.10.21
4 warn package.json projects@0.0.0 No description
5 warn package.json projects@0.0.0 No repository field.
6 warn package.json projects@0.0.0 No README data
7 verbose readDependencies using package.json deps
8 verbose install where, deps [ '/Users/josepjaume/Projects',
8 verbose install   [ 'grunt',
8 verbose install     'grunt-contrib-copy',
8 verbose install     'grunt-contrib-concat',
8 verbose install     'grunt-contrib-uglify',
8 verbose install     'grunt-contrib-compass',
8 verbose install     'grunt-contrib-jshint',
8 verbose install     'grunt-contrib-cssmin',
8 verbose install     'grunt-contrib-connect',
8 verbose install     'grunt-contrib-clean',
8 verbose install     'grunt-contrib-htmlmin',
8 verbose install     'grunt-bower-install',
8 verbose install     'grunt-contrib-imagemin',
8 verbose install     'grunt-contrib-watch',
8 verbose install     'grunt-rev',
8 verbose install     'grunt-autoprefixer',
8 verbose install     'grunt-usemin',
8 verbose install     'grunt-mocha',
8 verbose install     'grunt-modernizr',
8 verbose install     'grunt-newer',
8 verbose install     'grunt-svgmin',
8 verbose install     'grunt-concurrent',
8 verbose install     'load-grunt-tasks',
8 verbose install     'time-grunt',
8 verbose install     'jshint-stylish' ] ]
9 info preinstall projects@0.0.0
10 verbose readDependencies using package.json deps
11 verbose already installed skipping grunt-contrib-concat@~0.3.0 /Users/josepjaume/Projects
12 verbose already installed skipping grunt-contrib-copy@~0.4.1 /Users/josepjaume/Projects
13 verbose already installed skipping grunt-contrib-uglify@~0.2.0 /Users/josepjaume/Projects
14 verbose already installed skipping grunt-contrib-compass@~0.7.0 /Users/josepjaume/Projects
15 verbose already installed skipping grunt-contrib-jshint@~0.7.0 /Users/josepjaume/Projects
16 verbose already installed skipping grunt-contrib-cssmin@~0.7.0 /Users/josepjaume/Projects
17 verbose already installed skipping grunt-contrib-connect@~0.5.0 /Users/josepjaume/Projects
18 verbose already installed skipping grunt-contrib-clean@~0.5.0 /Users/josepjaume/Projects
19 verbose already installed skipping grunt-contrib-htmlmin@~0.1.3 /Users/josepjaume/Projects
20 verbose already installed skipping grunt-bower-install@~0.7.0 /Users/josepjaume/Projects
21 verbose already installed skipping grunt-contrib-imagemin@~0.2.0 /Users/josepjaume/Projects
22 verbose already installed skipping grunt-contrib-watch@~0.5.2 /Users/josepjaume/Projects
23 verbose already installed skipping grunt-rev@~0.1.0 /Users/josepjaume/Projects
24 verbose already installed skipping grunt-autoprefixer@~0.5.0 /Users/josepjaume/Projects
25 verbose already installed skipping grunt-usemin@~2.0.0 /Users/josepjaume/Projects
26 verbose already installed skipping grunt-mocha@~0.4.0 /Users/josepjaume/Projects
27 verbose already installed skipping grunt-modernizr@~0.4.0 /Users/josepjaume/Projects
28 verbose already installed skipping grunt-newer@~0.6.0 /Users/josepjaume/Projects
29 verbose already installed skipping grunt-svgmin@~0.2.0 /Users/josepjaume/Projects
30 verbose already installed skipping grunt-concurrent@~0.4.0 /Users/josepjaume/Projects
31 verbose already installed skipping load-grunt-tasks@~0.2.0 /Users/josepjaume/Projects
32 verbose already installed skipping time-grunt@~0.2.0 /Users/josepjaume/Projects
33 verbose already installed skipping jshint-stylish@~0.1.3 /Users/josepjaume/Projects
34 verbose already installed skipping grunt@~0.4.1 /Users/josepjaume/Projects
35 silly resolved []
36 info build /Users/josepjaume/Projects
37 verbose linkStuff [ false, false, false, '/Users/josepjaume' ]
38 info linkStuff projects@0.0.0
39 verbose linkBins projects@0.0.0
40 verbose linkMans projects@0.0.0
41 verbose rebuildBundles projects@0.0.0
42 verbose rebuildBundles [ '.bin',
42 verbose rebuildBundles   '.git',
42 verbose rebuildBundles   'deepmerge',
42 verbose rebuildBundles   'grunt',
42 verbose rebuildBundles   'grunt-asset-revisions',
42 verbose rebuildBundles   'grunt-autoprefixer',
42 verbose rebuildBundles   'grunt-bower-install',
42 verbose rebuildBundles   'grunt-cli',
42 verbose rebuildBundles   'grunt-concurrent',
42 verbose rebuildBundles   'grunt-contrib-clean',
42 verbose rebuildBundles   'grunt-contrib-compass',
42 verbose rebuildBundles   'grunt-contrib-concat',
42 verbose rebuildBundles   'grunt-contrib-connect',
42 verbose rebuildBundles   'grunt-contrib-copy',
42 verbose rebuildBundles   'grunt-contrib-cssmin',
42 verbose rebuildBundles   'grunt-contrib-htmlmin',
42 verbose rebuildBundles   'grunt-contrib-imagemin',
42 verbose rebuildBundles   'grunt-contrib-jshint',
42 verbose rebuildBundles   'grunt-contrib-uglify',
42 verbose rebuildBundles   'grunt-contrib-watch',
42 verbose rebuildBundles   'grunt-ember-handlebars',
42 verbose rebuildBundles   'grunt-exec',
42 verbose rebuildBundles   'grunt-mkdir',
42 verbose rebuildBundles   'grunt-mocha',
42 verbose rebuildBundles   'grunt-modernizr',
42 verbose rebuildBundles   'grunt-newer',
42 verbose rebuildBundles   'grunt-rev',
42 verbose rebuildBundles   'grunt-snockets',
42 verbose rebuildBundles   'grunt-svgmin',
42 verbose rebuildBundles   'grunt-usemin',
42 verbose rebuildBundles   'jshint-stylish',
42 verbose rebuildBundles   'load-grunt-tasks',
42 verbose rebuildBundles   'matchdep',
42 verbose rebuildBundles   'time-grunt' ]
43 verbose rebuild bundle /Users/josepjaume/Projects/node_modules/deepmerge
44 info build /Users/josepjaume/Projects/node_modules/deepmerge
45 info preinstall deepmerge@0.2.7
46 verbose linkStuff [ false, false, false, '/Users/josepjaume/Projects/node_modules' ]
47 info linkStuff deepmerge@0.2.7
48 verbose linkBins deepmerge@0.2.7
49 verbose linkMans deepmerge@0.2.7
50 verbose rebuildBundles deepmerge@0.2.7
51 info install deepmerge@0.2.7
52 info postinstall deepmerge@0.2.7
53 verbose rebuild bundle /Users/josepjaume/Projects/node_modules/grunt-asset-revisions
54 info build /Users/josepjaume/Projects/node_modules/grunt-asset-revisions
55 info preinstall grunt-asset-revisions@0.1.2
56 verbose linkStuff [ false, false, false, '/Users/josepjaume/Projects/node_modules' ]
57 info linkStuff grunt-asset-revisions@0.1.2
58 verbose linkBins grunt-asset-revisions@0.1.2
59 verbose link bins [ { 'grunt-asset-revisions': 'bin/grunt-asset-revisions' },
59 verbose link bins   '/Users/josepjaume/Projects/node_modules/.bin',
59 verbose link bins   false ]
60 verbose linkMans grunt-asset-revisions@0.1.2
61 verbose rebuildBundles grunt-asset-revisions@0.1.2
62 info install grunt-asset-revisions@0.1.2
63 info postinstall grunt-asset-revisions@0.1.2
64 verbose rebuild bundle /Users/josepjaume/Projects/node_modules/grunt-cli
65 info build /Users/josepjaume/Projects/node_modules/grunt-cli
66 info preinstall grunt-cli@0.1.11
67 verbose linkStuff [ false, false, false, '/Users/josepjaume/Projects/node_modules' ]
68 info linkStuff grunt-cli@0.1.11
69 verbose linkBins grunt-cli@0.1.11
70 verbose link bins [ { grunt: 'bin/grunt' },
70 verbose link bins   '/Users/josepjaume/Projects/node_modules/.bin',
70 verbose link bins   false ]
71 verbose linkMans grunt-cli@0.1.11
72 verbose rebuildBundles grunt-cli@0.1.11
73 verbose rebuildBundles [ '.bin', 'findup-sync', 'nopt', 'resolve' ]
74 info install grunt-cli@0.1.11
75 info postinstall grunt-cli@0.1.11
76 verbose rebuild bundle /Users/josepjaume/Projects/node_modules/grunt-ember-handlebars
77 info build /Users/josepjaume/Projects/node_modules/grunt-ember-handlebars
78 info preinstall grunt-ember-handlebars@0.7.0
79 verbose linkStuff [ false, false, false, '/Users/josepjaume/Projects/node_modules' ]
80 info linkStuff grunt-ember-handlebars@0.7.0
81 verbose linkBins grunt-ember-handlebars@0.7.0
82 verbose link bins [ { 'grunt-ember-handlebars': 'bin/grunt-ember-handlebars' },
82 verbose link bins   '/Users/josepjaume/Projects/node_modules/.bin',
82 verbose link bins   false ]
83 verbose linkMans grunt-ember-handlebars@0.7.0
84 verbose rebuildBundles grunt-ember-handlebars@0.7.0
85 verbose rebuildBundles [ 'grunt-lib-contrib' ]
86 info install grunt-ember-handlebars@0.7.0
87 info postinstall grunt-ember-handlebars@0.7.0
88 verbose rebuild bundle /Users/josepjaume/Projects/node_modules/grunt-exec
89 info build /Users/josepjaume/Projects/node_modules/grunt-exec
90 info preinstall grunt-exec@0.4.2
91 verbose linkStuff [ false, false, false, '/Users/josepjaume/Projects/node_modules' ]
92 info linkStuff grunt-exec@0.4.2
93 verbose linkBins grunt-exec@0.4.2
94 verbose linkMans grunt-exec@0.4.2
95 verbose rebuildBundles grunt-exec@0.4.2
96 info install grunt-exec@0.4.2
97 info postinstall grunt-exec@0.4.2
98 verbose rebuild bundle /Users/josepjaume/Projects/node_modules/grunt-mkdir
99 info build /Users/josepjaume/Projects/node_modules/grunt-mkdir
100 info preinstall grunt-mkdir@0.1.1
101 verbose linkStuff [ false, false, false, '/Users/josepjaume/Projects/node_modules' ]
102 info linkStuff grunt-mkdir@0.1.1
103 verbose linkBins grunt-mkdir@0.1.1
104 verbose linkMans grunt-mkdir@0.1.1
105 verbose rebuildBundles grunt-mkdir@0.1.1
106 info install grunt-mkdir@0.1.1
107 info postinstall grunt-mkdir@0.1.1
108 verbose rebuild bundle /Users/josepjaume/Projects/node_modules/grunt-snockets
109 info build /Users/josepjaume/Projects/node_modules/grunt-snockets
110 info preinstall grunt-snockets@0.1.5
111 verbose linkStuff [ false, false, false, '/Users/josepjaume/Projects/node_modules' ]
112 info linkStuff grunt-snockets@0.1.5
113 verbose linkBins grunt-snockets@0.1.5
114 verbose link bins [ { 'grunt-snockets': 'bin/grunt-snockets' },
114 verbose link bins   '/Users/josepjaume/Projects/node_modules/.bin',
114 verbose link bins   false ]
115 verbose linkMans grunt-snockets@0.1.5
116 verbose rebuildBundles grunt-snockets@0.1.5
117 verbose rebuildBundles [ 'snockets' ]
118 info install grunt-snockets@0.1.5
119 info postinstall grunt-snockets@0.1.5
120 verbose rebuild bundle /Users/josepjaume/Projects/node_modules/matchdep
121 info build /Users/josepjaume/Projects/node_modules/matchdep
122 info preinstall matchdep@0.1.2
123 verbose linkStuff [ false, false, false, '/Users/josepjaume/Projects/node_modules' ]
124 info linkStuff matchdep@0.1.2
125 verbose linkBins matchdep@0.1.2
126 verbose linkMans matchdep@0.1.2
127 verbose rebuildBundles matchdep@0.1.2
128 verbose rebuildBundles [ 'minimatch' ]
129 info install matchdep@0.1.2
130 info postinstall matchdep@0.1.2
131 info install projects@0.0.0
132 info postinstall projects@0.0.0
133 info prepublish projects@0.0.0
134 error peerinvalid The package grunt does not satisfy its siblings' peerDependencies requirements!
134 error peerinvalid Peer grunt-contrib-copy@0.4.1 wants grunt@~0.4.0
134 error peerinvalid Peer grunt-contrib-concat@0.3.0 wants grunt@~0.4.0
134 error peerinvalid Peer grunt-contrib-uglify@0.2.7 wants grunt@~0.4.0
134 error peerinvalid Peer grunt-contrib-compass@0.7.0 wants grunt@~0.4.0
134 error peerinvalid Peer grunt-contrib-jshint@0.7.2 wants grunt@~0.4.0
134 error peerinvalid Peer grunt-contrib-cssmin@0.7.0 wants grunt@~0.4.1
134 error peerinvalid Peer grunt-contrib-connect@0.5.0 wants grunt@~0.4.0
134 error peerinvalid Peer grunt-contrib-clean@0.5.0 wants grunt@~0.4.0
134 error peerinvalid Peer grunt-contrib-htmlmin@0.1.3 wants grunt@~0.4.0
134 error peerinvalid Peer grunt-bower-install@0.7.0 wants grunt@~0.4.0
134 error peerinvalid Peer grunt-contrib-imagemin@0.2.1 wants grunt@~0.4.0
134 error peerinvalid Peer grunt-contrib-watch@0.5.3 wants grunt@~0.4.0
134 error peerinvalid Peer grunt-autoprefixer@0.5.0 wants grunt@~0.4.2
134 error peerinvalid Peer grunt-usemin@2.0.2 wants grunt@~0.4.0
134 error peerinvalid Peer grunt-mocha@0.4.9 wants grunt@~0.4
134 error peerinvalid Peer grunt-newer@0.6.1 wants grunt@~0.4.1
134 error peerinvalid Peer grunt-svgmin@0.2.1 wants grunt@~0.4
134 error peerinvalid Peer grunt-concurrent@0.4.3 wants grunt@~0.4.0
134 error peerinvalid Peer grunt-asset-revisions@0.1.2 wants grunt@~0.4.0
134 error peerinvalid Peer grunt-exec@0.4.2 wants grunt@~0.4
134 error peerinvalid Peer grunt-mkdir@0.1.1 wants grunt@~0.4.0
135 error System Darwin 13.2.0
136 error command "/usr/local/Cellar/node/0.10.21/bin/node" "/usr/local/bin/npm" "install"
137 error cwd /Users/josepjaume/Projects/hiya
138 error node -v v0.10.21
139 error npm -v 1.3.11
140 error code EPEERINVALID
141 verbose exit [ 1, true ]
